{"numFailedTestSuites":0,"numFailedTests":0,"numPassedTestSuites":1,"numPassedTests":2,"numPendingTestSuites":0,"numPendingTests":0,"numRuntimeErrorTestSuites":0,"numTodoTests":0,"numTotalTestSuites":1,"numTotalTests":2,"openHandles":[],"snapshot":{"added":0,"didUpdate":false,"failure":false,"filesAdded":0,"filesRemoved":0,"filesRemovedList":[],"filesUnmatched":0,"filesUpdated":0,"matched":0,"total":0,"unchecked":0,"uncheckedKeysByFile":[],"unmatched":0,"updated":0},"startTime":1576228877011,"success":true,"testResults":[{"assertionResults":[{"ancestorTitles":["check if given strings are anagrams of each other"],"failureMessages":[],"fullName":"check if given strings are anagrams of each other should throw errors if either of strings are empty","location":null,"status":"passed","title":"should throw errors if either of strings are empty"},{"ancestorTitles":["check if given strings are anagrams of each other"],"failureMessages":[],"fullName":"check if given strings are anagrams of each other should return correct output","location":null,"status":"passed","title":"should return correct output"}],"endTime":1576228878824,"message":"","name":"/home/jatin/daily-questions-pesto/Dec-13/anagram/anagram.test.js","startTime":1576228877693,"status":"passed","summary":""}],"wasInterrupted":false}