{"numFailedTestSuites":0,"numFailedTests":0,"numPassedTestSuites":16,"numPassedTests":18,"numPendingTestSuites":0,"numPendingTests":0,"numRuntimeErrorTestSuites":0,"numTodoTests":0,"numTotalTestSuites":16,"numTotalTests":18,"openHandles":[],"snapshot":{"added":0,"didUpdate":false,"failure":false,"filesAdded":0,"filesRemoved":0,"filesRemovedList":[],"filesUnmatched":0,"filesUpdated":0,"matched":0,"total":0,"unchecked":0,"uncheckedKeysByFile":[],"unmatched":0,"updated":0},"startTime":1577814552561,"success":true,"testResults":[{"assertionResults":[{"ancestorTitles":["question12"],"failureMessages":[],"fullName":"question12 should give correct output","location":null,"status":"passed","title":"should give correct output"}],"endTime":1577814563423,"message":"","name":"/home/jatin/daily-questions-pesto/week-1/question-12/question12.test.js","startTime":1577814560072,"status":"passed","summary":""},{"assertionResults":[{"ancestorTitles":["gives array which has even values followed by odd values"],"failureMessages":[],"fullName":"gives array which has even values followed by odd values should give correct output","location":null,"status":"passed","title":"should give correct output"}],"endTime":1577814563425,"message":"","name":"/home/jatin/daily-questions-pesto/week-1/question-10/question10.test.js","startTime":1577814560074,"status":"passed","summary":""},{"assertionResults":[{"ancestorTitles":["gives array which has even values followed by odd values"],"failureMessages":[],"fullName":"gives array which has even values followed by odd values should give correct output","location":null,"status":"passed","title":"should give correct output"}],"endTime":1577814563783,"message":"","name":"/home/jatin/daily-questions-pesto/week-1/question-8/question8.test.js","startTime":1577814563466,"status":"passed","summary":""},{"assertionResults":[{"ancestorTitles":["question13"],"failureMessages":[],"fullName":"question13 should give correct output","location":null,"status":"passed","title":"should give correct output"}],"endTime":1577814563796,"message":"","name":"/home/jatin/daily-questions-pesto/week-1/question-13/question13.test.js","startTime":1577814563466,"status":"passed","summary":""},{"assertionResults":[{"ancestorTitles":["removes adjacent duplicates"],"failureMessages":[],"fullName":"removes adjacent duplicates should give correct output","location":null,"status":"passed","title":"should give correct output"}],"endTime":1577814564154,"message":"","name":"/home/jatin/daily-questions-pesto/week-1/question-6/question6.test.js","startTime":1577814563800,"status":"passed","summary":""},{"assertionResults":[{"ancestorTitles":["should give balanced parenthesis"],"failureMessages":[],"fullName":"should give balanced parenthesis should give correct output","location":null,"status":"passed","title":"should give correct output"}],"endTime":1577814564355,"message":"","name":"/home/jatin/daily-questions-pesto/week-1/question-5/question5.test.js","startTime":1577814563832,"status":"passed","summary":""},{"assertionResults":[{"ancestorTitles":["gives array which has even values followed by odd values"],"failureMessages":[],"fullName":"gives array which has even values followed by odd values should give correct output","location":null,"status":"passed","title":"should give correct output"}],"endTime":1577814564549,"message":"","name":"/home/jatin/daily-questions-pesto/week-1/question-9/question9.test.js","startTime":1577814564278,"status":"passed","summary":""},{"assertionResults":[{"ancestorTitles":["gives array which has even values followed by odd values"],"failureMessages":[],"fullName":"gives array which has even values followed by odd values should give correct output","location":null,"status":"passed","title":"should give correct output"}],"endTime":1577814565481,"message":"","name":"/home/jatin/daily-questions-pesto/week-1/question-11/question11.test.js","startTime":1577814564606,"status":"passed","summary":""},{"assertionResults":[{"ancestorTitles":["find frequency of numbers with even number of digits"],"failureMessages":[],"fullName":"find frequency of numbers with even number of digits should return -1 if input is not number","location":null,"status":"passed","title":"should return -1 if input is not number"},{"ancestorTitles":["find frequency of numbers with even number of digits"],"failureMessages":[],"fullName":"find frequency of numbers with even number of digits should return correct ouptut","location":null,"status":"passed","title":"should return correct ouptut"}],"endTime":1577814565555,"message":"","name":"/home/jatin/daily-questions-pesto/week-1/question-1/question1.test.js","startTime":1577814564385,"status":"passed","summary":""},{"assertionResults":[{"ancestorTitles":["gives unique morse code representation"],"failureMessages":[],"fullName":"gives unique morse code representation should give correct output","location":null,"status":"passed","title":"should give correct output"}],"endTime":1577814566073,"message":"","name":"/home/jatin/daily-questions-pesto/week-1/question-7/question7.test.js","startTime":1577814565572,"status":"passed","summary":""},{"assertionResults":[{"ancestorTitles":["question16"],"failureMessages":[],"fullName":"question16 should give correct output","location":null,"status":"passed","title":"should give correct output"}],"endTime":1577814566168,"message":"","name":"/home/jatin/daily-questions-pesto/week-1/question-16/question16.test.js","startTime":1577814560074,"status":"passed","summary":""},{"assertionResults":[{"ancestorTitles":["returns jewels from stones"],"failureMessages":[],"fullName":"returns jewels from stones should throw error for empty inputs","location":null,"status":"passed","title":"should throw error for empty inputs"},{"ancestorTitles":["returns jewels from stones"],"failureMessages":[],"fullName":"returns jewels from stones should return correct output","location":null,"status":"passed","title":"should return correct output"}],"endTime":1577814566411,"message":"","name":"/home/jatin/daily-questions-pesto/week-1/question2/question2.test.js","startTime":1577814566138,"status":"passed","summary":""},{"assertionResults":[{"ancestorTitles":["question15"],"failureMessages":[],"fullName":"question15 should give correct output","location":null,"status":"passed","title":"should give correct output"}],"endTime":1577814566526,"message":"","name":"/home/jatin/daily-questions-pesto/week-1/question-15/question15.test.js","startTime":1577814565581,"status":"passed","summary":""},{"assertionResults":[{"ancestorTitles":["should give number of balanced strings"],"failureMessages":[],"fullName":"should give number of balanced strings should give correct output","location":null,"status":"passed","title":"should give correct output"}],"endTime":1577814566589,"message":"","name":"/home/jatin/daily-questions-pesto/week-1/question-3/question3.test.js","startTime":1577814566221,"status":"passed","summary":""},{"assertionResults":[{"ancestorTitles":["gives count of odd values"],"failureMessages":[],"fullName":"gives count of odd values should give correct output","location":null,"status":"passed","title":"should give correct output"}],"endTime":1577814566751,"message":"","name":"/home/jatin/daily-questions-pesto/week-1/question-4/question4.test.js","startTime":1577814566492,"status":"passed","summary":""},{"assertionResults":[{"ancestorTitles":["question14"],"failureMessages":[],"fullName":"question14 should give correct output","location":null,"status":"passed","title":"should give correct output"}],"endTime":1577814567224,"message":"","name":"/home/jatin/daily-questions-pesto/week-1/question-14/question14.test.js","startTime":1577814566568,"status":"passed","summary":""}],"wasInterrupted":false}